# JRE version: Java(TM) SE Runtime Environment (17.0.10+11) (build 17.0.10+11-LTS-240)
# Java VM: Java HotSpot(TM) 64-Bit Server VM (17.0.10+11-LTS-240, mixed mode, sharing, tiered, compressed oops, compressed class ptrs, g1 gc, windows-amd64)
GC Precious Log:
 CPUs: 16 total, 16 available
 Memory: 16004M
 Large Page Support: Disabled
 NUMA Support: Disabled
 Compressed Oops: Enabled (Zero based)
 Heap Region Size: 2M
 Heap Min Capacity: 8M
 Heap Initial Capacity: 252M
 Heap Max Capacity: 4002M
 Pre-touch: Disabled
 Parallel Workers: 13
 Concurrent Workers: 3
 Concurrent Refinement Workers: 13
 Periodic GC: Disabled
Heap:
 garbage-first heap   total 116736K, used 84198K [0x0000000705e00000, 0x0000000800000000)
  region size 2048K, 20 young (40960K), 1 survivors (2048K)
 Metaspace       used 100547K, committed 101248K, reserved 1179648K
  class space    used 13425K, committed 13760K, reserved 1048576K
GC Heap History (20 events):
Event: 3841.751 GC heap before
{Heap before GC invocations=68 (full 0):
 garbage-first heap   total 116736K, used 100664K [0x0000000705e00000, 0x0000000800000000)
  region size 2048K, 25 young (51200K), 1 survivors (2048K)
 Metaspace       used 92926K, committed 93760K, reserved 1179648K
  class space    used 12702K, committed 13120K, reserved 1048576K
}
Event: 3841.753 GC heap after
{Heap after GC invocations=69 (full 0):
 garbage-first heap   total 116736K, used 51588K [0x0000000705e00000, 0x0000000800000000)
  region size 2048K, 1 young (2048K), 1 survivors (2048K)
 Metaspace       used 92926K, committed 93760K, reserved 1179648K
  class space    used 12702K, committed 13120K, reserved 1048576K
}
Event: 4112.784 GC heap before
{Heap before GC invocations=69 (full 0):
 garbage-first heap   total 116736K, used 100740K [0x0000000705e00000, 0x0000000800000000)
  region size 2048K, 25 young (51200K), 1 survivors (2048K)
 Metaspace       used 92926K, committed 93760K, reserved 1179648K
  class space    used 12702K, committed 13120K, reserved 1048576K
}
Event: 4112.788 GC heap after
{Heap after GC invocations=70 (full 0):
 garbage-first heap   total 116736K, used 51572K [0x0000000705e00000, 0x0000000800000000)
  region size 2048K, 1 young (2048K), 1 survivors (2048K)
 Metaspace       used 92926K, committed 93760K, reserved 1179648K
  class space    used 12702K, committed 13120K, reserved 1048576K
}
Event: 4341.843 GC heap before
{Heap before GC invocations=71 (full 0):
 garbage-first heap   total 116736K, used 100724K [0x0000000705e00000, 0x0000000800000000)
  region size 2048K, 25 young (51200K), 1 survivors (2048K)
 Metaspace       used 93127K, committed 93952K, reserved 1179648K
  class space    used 12648K, committed 13120K, reserved 1048576K
}
Event: 4341.845 GC heap after
{Heap after GC invocations=72 (full 0):
 garbage-first heap   total 116736K, used 51909K [0x0000000705e00000, 0x0000000800000000)
  region size 2048K, 1 young (2048K), 1 survivors (2048K)
 Metaspace       used 93127K, committed 93952K, reserved 1179648K
  class space    used 12648K, committed 13120K, reserved 1048576K
}
Event: 4351.803 GC heap before
{Heap before GC invocations=72 (full 0):
 garbage-first heap   total 116736K, used 53957K [0x0000000705e00000, 0x0000000800000000)
  region size 2048K, 2 young (4096K), 1 survivors (2048K)
 Metaspace       used 93134K, committed 93952K, reserved 1179648K
  class space    used 12648K, committed 13120K, reserved 1048576K
}
Event: 4351.813 GC heap after
{Heap after GC invocations=73 (full 0):
 garbage-first heap   total 116736K, used 48534K [0x0000000705e00000, 0x0000000800000000)
  region size 2048K, 1 young (2048K), 1 survivors (2048K)
 Metaspace       used 93134K, committed 93952K, reserved 1179648K
  class space    used 12648K, committed 13120K, reserved 1048576K
}
Event: 4528.457 GC heap before
{Heap before GC invocations=73 (full 0):
 garbage-first heap   total 116736K, used 99734K [0x0000000705e00000, 0x0000000800000000)
  region size 2048K, 26 young (53248K), 1 survivors (2048K)
 Metaspace       used 93738K, committed 94528K, reserved 1179648K
  class space    used 12652K, committed 13120K, reserved 1048576K
}
Event: 4528.459 GC heap after
{Heap after GC invocations=74 (full 0):
 garbage-first heap   total 116736K, used 49918K [0x0000000705e00000, 0x0000000800000000)
  region size 2048K, 1 young (2048K), 1 survivors (2048K)
 Metaspace       used 93738K, committed 94528K, reserved 1179648K
  class space    used 12652K, committed 13120K, reserved 1048576K
}
Event: 4749.858 GC heap before
{Heap before GC invocations=75 (full 0):
 garbage-first heap   total 116736K, used 101118K [0x0000000705e00000, 0x0000000800000000)
  region size 2048K, 26 young (53248K), 1 survivors (2048K)
 Metaspace       used 93877K, committed 94656K, reserved 1179648K
  class space    used 12653K, committed 13120K, reserved 1048576K
}
Event: 4749.862 GC heap after
{Heap after GC invocations=76 (full 0):
 garbage-first heap   total 116736K, used 50467K [0x0000000705e00000, 0x0000000800000000)
  region size 2048K, 2 young (4096K), 2 survivors (4096K)
 Metaspace       used 93877K, committed 94656K, reserved 1179648K
  class space    used 12653K, committed 13120K, reserved 1048576K
}
Event: 4758.107 GC heap before
{Heap before GC invocations=76 (full 0):
 garbage-first heap   total 116736K, used 52515K [0x0000000705e00000, 0x0000000800000000)
  region size 2048K, 3 young (6144K), 2 survivors (4096K)
 Metaspace       used 93879K, committed 94656K, reserved 1179648K
  class space    used 12653K, committed 13120K, reserved 1048576K
}
Event: 4758.113 GC heap after
{Heap after GC invocations=77 (full 0):
 garbage-first heap   total 116736K, used 49627K [0x0000000705e00000, 0x0000000800000000)
  region size 2048K, 1 young (2048K), 1 survivors (2048K)
 Metaspace       used 93879K, committed 94656K, reserved 1179648K
  class space    used 12653K, committed 13120K, reserved 1048576K
}
Event: 4970.016 GC heap before
{Heap before GC invocations=77 (full 0):
 garbage-first heap   total 116736K, used 98779K [0x0000000705e00000, 0x0000000800000000)
  region size 2048K, 26 young (53248K), 1 survivors (2048K)
 Metaspace       used 94186K, committed 95040K, reserved 1179648K
  class space    used 12681K, committed 13120K, reserved 1048576K
}
Event: 4970.019 GC heap after
{Heap after GC invocations=78 (full 0):
 garbage-first heap   total 116736K, used 49802K [0x0000000705e00000, 0x0000000800000000)
  region size 2048K, 1 young (2048K), 1 survivors (2048K)
 Metaspace       used 94186K, committed 95040K, reserved 1179648K
  class space    used 12681K, committed 13120K, reserved 1048576K
}
Event: 5226.357 GC heap before
{Heap before GC invocations=79 (full 0):
 garbage-first heap   total 116736K, used 101002K [0x0000000705e00000, 0x0000000800000000)
  region size 2048K, 26 young (53248K), 1 survivors (2048K)
 Metaspace       used 94221K, committed 95040K, reserved 1179648K
  class space    used 12681K, committed 13120K, reserved 1048576K
}
Event: 5226.359 GC heap after
{Heap after GC invocations=80 (full 0):
 garbage-first heap   total 116736K, used 49912K [0x0000000705e00000, 0x0000000800000000)
  region size 2048K, 1 young (2048K), 1 survivors (2048K)
 Metaspace       used 94221K, committed 95040K, reserved 1179648K
  class space    used 12681K, committed 13120K, reserved 1048576K
}
Event: 5237.127 GC heap before
{Heap before GC invocations=80 (full 0):
 garbage-first heap   total 116736K, used 51960K [0x0000000705e00000, 0x0000000800000000)
  region size 2048K, 2 young (4096K), 1 survivors (2048K)
 Metaspace       used 94221K, committed 95040K, reserved 1179648K
  class space    used 12681K, committed 13120K, reserved 1048576K
}
Event: 5237.137 GC heap after
{Heap after GC invocations=81 (full 0):
 garbage-first heap   total 116736K, used 49382K [0x0000000705e00000, 0x0000000800000000)
  region size 2048K, 1 young (2048K), 1 survivors (2048K)
 Metaspace       used 94221K, committed 95040K, reserved 1179648K
  class space    used 12681K, committed 13120K, reserved 1048576K
}

