# JRE version: Java(TM) SE Runtime Environment (17.0.10+11) (build 17.0.10+11-LTS-240)
# Java VM: Java HotSpot(TM) 64-Bit Server VM (17.0.10+11-LTS-240, mixed mode, sharing, tiered, compressed oops, compressed class ptrs, g1 gc, windows-amd64)
GC Precious Log:
 CPUs: 16 total, 16 available
 Memory: 16004M
 Large Page Support: Disabled
 NUMA Support: Disabled
 Compressed Oops: Enabled (Zero based)
 Heap Region Size: 2M
 Heap Min Capacity: 8M
 Heap Initial Capacity: 252M
 Heap Max Capacity: 4002M
 Pre-touch: Disabled
 Parallel Workers: 13
 Concurrent Workers: 3
 Concurrent Refinement Workers: 13
 Periodic GC: Disabled
Heap:
 garbage-first heap   total 110592K, used 60166K [0x0000000705e00000, 0x0000000800000000)
  region size 2048K, 15 young (30720K), 4 survivors (8192K)
 Metaspace       used 81718K, committed 82304K, reserved 1179648K
  class space    used 11372K, committed 11648K, reserved 1048576K
GC Heap History (20 events):
Event: 2.263 GC heap before
{Heap before GC invocations=8 (full 0):
 garbage-first heap   total 61440K, used 42202K [0x0000000705e00000, 0x0000000800000000)
  region size 2048K, 13 young (26624K), 1 survivors (2048K)
 Metaspace       used 30048K, committed 30400K, reserved 1114112K
  class space    used 3904K, committed 4096K, reserved 1048576K
}
Event: 2.265 GC heap after
{Heap after GC invocations=9 (full 0):
 garbage-first heap   total 61440K, used 19083K [0x0000000705e00000, 0x0000000800000000)
  region size 2048K, 2 young (4096K), 2 survivors (4096K)
 Metaspace       used 30048K, committed 30400K, reserved 1114112K
  class space    used 3904K, committed 4096K, reserved 1048576K
}
Event: 2.784 GC heap before
{Heap before GC invocations=9 (full 0):
 garbage-first heap   total 61440K, used 43659K [0x0000000705e00000, 0x0000000800000000)
  region size 2048K, 14 young (28672K), 2 survivors (4096K)
 Metaspace       used 33238K, committed 33664K, reserved 1114112K
  class space    used 4417K, committed 4608K, reserved 1048576K
}
Event: 2.786 GC heap after
{Heap after GC invocations=10 (full 0):
 garbage-first heap   total 61440K, used 21310K [0x0000000705e00000, 0x0000000800000000)
  region size 2048K, 2 young (4096K), 2 survivors (4096K)
 Metaspace       used 33238K, committed 33664K, reserved 1114112K
  class space    used 4417K, committed 4608K, reserved 1048576K
}
Event: 3.172 GC heap before
{Heap before GC invocations=10 (full 0):
 garbage-first heap   total 61440K, used 35646K [0x0000000705e00000, 0x0000000800000000)
  region size 2048K, 10 young (20480K), 2 survivors (4096K)
 Metaspace       used 35681K, committed 36096K, reserved 1114112K
  class space    used 4668K, committed 4864K, reserved 1048576K
}
Event: 3.175 GC heap after
{Heap after GC invocations=11 (full 0):
 garbage-first heap   total 61440K, used 22527K [0x0000000705e00000, 0x0000000800000000)
  region size 2048K, 1 young (2048K), 1 survivors (2048K)
 Metaspace       used 35681K, committed 36096K, reserved 1114112K
  class space    used 4668K, committed 4864K, reserved 1048576K
}
Event: 3.733 GC heap before
{Heap before GC invocations=12 (full 0):
 garbage-first heap   total 61440K, used 43007K [0x0000000705e00000, 0x0000000800000000)
  region size 2048K, 12 young (24576K), 1 survivors (2048K)
 Metaspace       used 38384K, committed 38848K, reserved 1114112K
  class space    used 5053K, committed 5248K, reserved 1048576K
}
Event: 3.735 GC heap after
{Heap after GC invocations=13 (full 0):
 garbage-first heap   total 159744K, used 23282K [0x0000000705e00000, 0x0000000800000000)
  region size 2048K, 2 young (4096K), 2 survivors (4096K)
 Metaspace       used 38384K, committed 38848K, reserved 1114112K
  class space    used 5053K, committed 5248K, reserved 1048576K
}
Event: 4.926 GC heap before
{Heap before GC invocations=13 (full 0):
 garbage-first heap   total 159744K, used 113394K [0x0000000705e00000, 0x0000000800000000)
  region size 2048K, 46 young (94208K), 2 survivors (4096K)
 Metaspace       used 58439K, committed 58944K, reserved 1114112K
  class space    used 8034K, committed 8320K, reserved 1048576K
}
Event: 4.930 GC heap after
{Heap after GC invocations=14 (full 0):
 garbage-first heap   total 159744K, used 27368K [0x0000000705e00000, 0x0000000800000000)
  region size 2048K, 4 young (8192K), 4 survivors (8192K)
 Metaspace       used 58439K, committed 58944K, reserved 1114112K
  class space    used 8034K, committed 8320K, reserved 1048576K
}
Event: 5.064 GC heap before
{Heap before GC invocations=14 (full 0):
 garbage-first heap   total 159744K, used 41704K [0x0000000705e00000, 0x0000000800000000)
  region size 2048K, 12 young (24576K), 4 survivors (8192K)
 Metaspace       used 59752K, committed 60288K, reserved 1114112K
  class space    used 8211K, committed 8448K, reserved 1048576K
}
Event: 5.067 GC heap after
{Heap after GC invocations=15 (full 0):
 garbage-first heap   total 159744K, used 27908K [0x0000000705e00000, 0x0000000800000000)
  region size 2048K, 4 young (8192K), 4 survivors (8192K)
 Metaspace       used 59752K, committed 60288K, reserved 1114112K
  class space    used 8211K, committed 8448K, reserved 1048576K
}
Event: 5.773 GC heap before
{Heap before GC invocations=16 (full 0):
 garbage-first heap   total 110592K, used 85252K [0x0000000705e00000, 0x0000000800000000)
  region size 2048K, 32 young (65536K), 4 survivors (8192K)
 Metaspace       used 68543K, committed 69120K, reserved 1114112K
  class space    used 9684K, committed 9984K, reserved 1048576K
}
Event: 5.778 GC heap after
{Heap after GC invocations=17 (full 0):
 garbage-first heap   total 110592K, used 32711K [0x0000000705e00000, 0x0000000800000000)
  region size 2048K, 3 young (6144K), 3 survivors (6144K)
 Metaspace       used 68543K, committed 69120K, reserved 1114112K
  class space    used 9684K, committed 9984K, reserved 1048576K
}
Event: 5.878 GC heap before
{Heap before GC invocations=17 (full 0):
 garbage-first heap   total 110592K, used 34759K [0x0000000705e00000, 0x0000000800000000)
  region size 2048K, 4 young (8192K), 3 survivors (6144K)
 Metaspace       used 69366K, committed 69952K, reserved 1114112K
  class space    used 9763K, committed 10048K, reserved 1048576K
}
Event: 5.881 GC heap after
{Heap after GC invocations=18 (full 0):
 garbage-first heap   total 110592K, used 32723K [0x0000000705e00000, 0x0000000800000000)
  region size 2048K, 1 young (2048K), 1 survivors (2048K)
 Metaspace       used 69366K, committed 69952K, reserved 1114112K
  class space    used 9763K, committed 10048K, reserved 1048576K
}
Event: 6.502 GC heap before
{Heap before GC invocations=18 (full 0):
 garbage-first heap   total 110592K, used 85971K [0x0000000705e00000, 0x0000000800000000)
  region size 2048K, 27 young (55296K), 1 survivors (2048K)
 Metaspace       used 72849K, committed 73408K, reserved 1114112K
  class space    used 10197K, committed 10432K, reserved 1048576K
}
Event: 6.505 GC heap after
{Heap after GC invocations=19 (full 0):
 garbage-first heap   total 110592K, used 35490K [0x0000000705e00000, 0x0000000800000000)
  region size 2048K, 2 young (4096K), 2 survivors (4096K)
 Metaspace       used 72849K, committed 73408K, reserved 1114112K
  class space    used 10197K, committed 10432K, reserved 1048576K
}
Event: 7.638 GC heap before
{Heap before GC invocations=19 (full 0):
 garbage-first heap   total 110592K, used 86690K [0x0000000705e00000, 0x0000000800000000)
  region size 2048K, 27 young (55296K), 2 survivors (4096K)
 Metaspace       used 79169K, committed 79744K, reserved 1179648K
  class space    used 11071K, committed 11328K, reserved 1048576K
}
Event: 7.642 GC heap after
{Heap after GC invocations=20 (full 0):
 garbage-first heap   total 110592K, used 39686K [0x0000000705e00000, 0x0000000800000000)
  region size 2048K, 4 young (8192K), 4 survivors (8192K)
 Metaspace       used 79169K, committed 79744K, reserved 1179648K
  class space    used 11071K, committed 11328K, reserved 1048576K
}

